This file contains any messages produced by compilers while
running configure, to aid debugging if configure makes a mistake.

It was created by configure, which was
generated by GNU Autoconf 2.68.  Invocation command line was

  $ ./configure 

## --------- ##
## Platform. ##
## --------- ##

hostname = eranga-macbook-pro.local
uname -m = x86_64
uname -r = 14.5.0
uname -s = Darwin
uname -v = Darwin Kernel Version 14.5.0: Mon Aug 29 21:14:16 PDT 2016; root:xnu-2782.50.6~1/RELEASE_X86_64

/usr/bin/uname -p = i386
/bin/uname -X     = unknown

/bin/arch              = unknown
/usr/bin/arch -k       = unknown
/usr/convex/getsysinfo = unknown
/usr/bin/hostinfo      = Mach kernel version:
	 Darwin Kernel Version 14.5.0: Mon Aug 29 21:14:16 PDT 2016; root:xnu-2782.50.6~1/RELEASE_X86_64
Kernel configured for up to 8 processors.
4 processors are physically available.
8 processors are logically available.
Processor type: i486 (Intel 80486)
Processors active: 0 1 2 3 4 5 6 7
Primary memory available: 16.00 gigabytes
Default processor set: 228 tasks, 1181 threads, 8 processors
Load average: 1.75, Mach factor: 6.24
/bin/machine           = unknown
/usr/bin/oslevel       = unknown
/bin/universe          = unknown

PATH: /usr/local/bin
PATH: /usr/local/sbin
PATH: /Users/eranga/bin
PATH: /usr/local/bin
PATH: /usr/local/bin
PATH: /usr/bin
PATH: /bin
PATH: /usr/sbin
PATH: /sbin
PATH: /usr/texbin
PATH: /Users/eranga/Public/installations/android-sdk/tools
PATH: /Users/eranga/Public/installations/android-sdk/platform-tools
PATH: /Users/eranga/Public/installations/android-ndk-r13b
PATH: /Users/eranga/Public/installations/gradle/bin
PATH: /usr/local/sbin


## ----------- ##
## Core tests. ##
## ----------- ##

configure:2404: checking whether make supports nested variables
configure:2421: result: yes
configure:2435: checking version.mk
configure:2449: result: 1.0.1
configure:2455: checking git revision
configure:2459: result: no
configure:2540: checking for a BSD-compatible install
configure:2608: result: /usr/bin/install -c
configure:2619: checking whether build environment is sane
configure:2669: result: yes
configure:2810: checking for a thread-safe mkdir -p
configure:2849: result: ./install-sh -c -d
configure:2862: checking for gawk
configure:2892: result: no
configure:2862: checking for mawk
configure:2892: result: no
configure:2862: checking for nawk
configure:2892: result: no
configure:2862: checking for awk
configure:2878: found /usr/bin/awk
configure:2889: result: awk
configure:2900: checking whether make sets $(MAKE)
configure:2922: result: yes
configure:2994: checking whether to enable maintainer-specific portions of Makefiles
configure:3003: result: no
configure:3021: checking build system type
configure:3035: result: x86_64-apple-darwin14.5.0
configure:3055: checking host system type
configure:3068: result: x86_64-apple-darwin14.5.0
configure:3140: checking how to print strings
configure:3167: result: printf
configure:3200: checking for style of include used by make
configure:3228: result: GNU
configure:3299: checking for gcc
configure:3315: found /usr/bin/gcc
configure:3326: result: gcc
configure:3555: checking for C compiler version
configure:3564: gcc --version >&5
Apple LLVM version 7.0.2 (clang-700.1.81)
Target: x86_64-apple-darwin14.5.0
Thread model: posix
Configured with: --prefix=/Applications/Xcode.app/Contents/Developer/usr --with-gxx-include-dir=/usr/include/c++/4.2.1
configure:3575: $? = 0
configure:3564: gcc -v >&5
Configured with: --prefix=/Applications/Xcode.app/Contents/Developer/usr --with-gxx-include-dir=/usr/include/c++/4.2.1
Apple LLVM version 7.0.2 (clang-700.1.81)
Target: x86_64-apple-darwin14.5.0
Thread model: posix
configure:3575: $? = 0
configure:3564: gcc -V >&5
clang: error: argument to '-V' is missing (expected 1 value)
clang: error: no input files
configure:3575: $? = 1
configure:3564: gcc -qversion >&5
clang: error: unknown argument: '-qversion'
clang: error: no input files
configure:3575: $? = 1
configure:3595: checking whether the C compiler works
configure:3617: gcc    conftest.c  >&5
configure:3621: $? = 0
configure:3669: result: yes
configure:3672: checking for C compiler default output file name
configure:3674: result: a.out
configure:3680: checking for suffix of executables
configure:3687: gcc -o conftest    conftest.c  >&5
configure:3691: $? = 0
configure:3713: result: 
configure:3735: checking whether we are cross compiling
configure:3743: gcc -o conftest    conftest.c  >&5
configure:3747: $? = 0
configure:3754: ./conftest
configure:3758: $? = 0
configure:3773: result: no
configure:3778: checking for suffix of object files
configure:3800: gcc -c   conftest.c >&5
configure:3804: $? = 0
configure:3825: result: o
configure:3829: checking whether we are using the GNU C compiler
configure:3848: gcc -c   conftest.c >&5
configure:3848: $? = 0
configure:3857: result: yes
configure:3866: checking whether gcc accepts -g
configure:3886: gcc -c -g  conftest.c >&5
configure:3886: $? = 0
configure:3927: result: yes
configure:3944: checking for gcc option to accept ISO C89
configure:4008: gcc  -c -g -O2  conftest.c >&5
configure:4008: $? = 0
configure:4021: result: none needed
configure:4043: checking dependency style of gcc
configure:4154: result: gcc3
configure:4169: checking for a sed that does not truncate output
configure:4233: result: /usr/bin/sed
configure:4251: checking for grep that handles long lines and -e
configure:4309: result: /usr/bin/grep
configure:4314: checking for egrep
configure:4376: result: /usr/bin/grep -E
configure:4381: checking for fgrep
configure:4443: result: /usr/bin/grep -F
configure:4478: checking for ld used by gcc
configure:4545: result: /Applications/Xcode.app/Contents/Developer/Toolchains/XcodeDefault.xctoolchain/usr/bin/ld
configure:4552: checking if the linker (/Applications/Xcode.app/Contents/Developer/Toolchains/XcodeDefault.xctoolchain/usr/bin/ld) is GNU ld
configure:4567: result: no
configure:4579: checking for BSD- or MS-compatible name lister (nm)
configure:4628: result: /usr/bin/nm
configure:4758: checking the name lister (/usr/bin/nm) interface
configure:4765: gcc -c -g -O2  conftest.c >&5
configure:4768: /usr/bin/nm "conftest.o"
configure:4771: output
0000000000000218 S _some_variable
configure:4778: result: BSD nm
configure:4781: checking whether ln -s works
configure:4785: result: yes
configure:4793: checking the maximum length of command line arguments
configure:4923: result: 196608
configure:4940: checking whether the shell understands some XSI constructs
configure:4950: result: yes
configure:4954: checking whether the shell understands "+="
configure:4960: result: yes
configure:4995: checking how to convert x86_64-apple-darwin14.5.0 file names to x86_64-apple-darwin14.5.0 format
configure:5035: result: func_convert_file_noop
configure:5042: checking how to convert x86_64-apple-darwin14.5.0 file names to toolchain format
configure:5062: result: func_convert_file_noop
configure:5069: checking for /Applications/Xcode.app/Contents/Developer/Toolchains/XcodeDefault.xctoolchain/usr/bin/ld option to reload object files
configure:5076: result: -r
configure:5150: checking for objdump
configure:5180: result: no
configure:5209: checking how to recognize dependent libraries
configure:5411: result: pass_all
configure:5496: checking for dlltool
configure:5526: result: no
configure:5556: checking how to associate runtime and link libraries
configure:5583: result: printf %s\n
configure:5644: checking for ar
configure:5660: found /usr/bin/ar
configure:5671: result: ar
configure:5708: checking for archiver @FILE support
configure:5725: gcc -c -g -O2  conftest.c >&5
configure:5725: $? = 0
configure:5728: ar cru libconftest.a @conftest.lst >&5
ar: @conftest.lst: No such file or directory
configure:5731: $? = 1
configure:5751: result: no
configure:5809: checking for strip
configure:5825: found /usr/bin/strip
configure:5836: result: strip
configure:5908: checking for ranlib
configure:5924: found /usr/bin/ranlib
configure:5935: result: ranlib
configure:6037: checking command to parse /usr/bin/nm output from gcc object
configure:6157: gcc -c -g -O2  conftest.c >&5
configure:6160: $? = 0
configure:6164: /usr/bin/nm conftest.o \| sed -n -e 's/^.*[ ]\([BCDEGRST][BCDEGRST]*\)[ ][ ]*\([_A-Za-z][_A-Za-z0-9]*\)$/\1 \2 \2/p' | sed '/ __gnu_lto/d' \> conftest.nm
configure:6167: $? = 0
cannot find nm_test_var in conftest.nm
configure:6157: gcc -c -g -O2  conftest.c >&5
configure:6160: $? = 0
configure:6164: /usr/bin/nm conftest.o \| sed -n -e 's/^.*[ ]\([BCDEGRST][BCDEGRST]*\)[ ][ ]*_\([_A-Za-z][_A-Za-z0-9]*\)$/\1 _\2 \2/p' | sed '/ __gnu_lto/d' \> conftest.nm
configure:6167: $? = 0
configure:6233: gcc -o conftest -g -O2   conftest.c conftstm.o >&5
warning: (x86_64)  could not find object file symbol for symbol _main
configure:6236: $? = 0
configure:6274: result: ok
configure:6311: checking for sysroot
configure:6341: result: no
configure:6597: checking for mt
configure:6627: result: no
configure:6647: checking if : is a manifest tool
configure:6653: : '-?'
configure:6661: result: no
configure:6717: checking for dsymutil
configure:6733: found /usr/bin/dsymutil
configure:6744: result: dsymutil
configure:6809: checking for nmedit
configure:6825: found /usr/bin/nmedit
configure:6836: result: nmedit
configure:6901: checking for lipo
configure:6917: found /usr/bin/lipo
configure:6928: result: lipo
configure:6993: checking for otool
configure:7009: found /usr/bin/otool
configure:7020: result: otool
configure:7085: checking for otool64
configure:7115: result: no
configure:7160: checking for -single_module linker flag
gcc -g -O2  -o libconftest.dylib -dynamiclib -Wl,-single_module conftest.c
configure:7193: result: yes
configure:7196: checking for -exported_symbols_list linker flag
configure:7216: gcc -o conftest -g -O2   -Wl,-exported_symbols_list,conftest.sym conftest.c  >&5
configure:7216: $? = 0
configure:7226: result: yes
configure:7229: checking for -force_load linker flag
gcc -g -O2 -c -o conftest.o conftest.c
ar cru libconftest.a conftest.o
ranlib libconftest.a
gcc -g -O2  -o conftest conftest.c -Wl,-force_load,./libconftest.a
configure:7261: result: yes
configure:7303: checking how to run the C preprocessor
configure:7334: gcc -E  conftest.c
configure:7334: $? = 0
configure:7348: gcc -E  conftest.c
conftest.c:10:10: fatal error: 'ac_nonexistent.h' file not found
#include <ac_nonexistent.h>
         ^
1 error generated.
configure:7348: $? = 1
configure: failed program was:
| /* confdefs.h */
| #define PACKAGE_NAME ""
| #define PACKAGE_TARNAME ""
| #define PACKAGE_VERSION ""
| #define PACKAGE_STRING ""
| #define PACKAGE_BUGREPORT ""
| #define PACKAGE_URL ""
| #define OPUS_VERSION "1.0.1"
| /* end confdefs.h.  */
| #include <ac_nonexistent.h>
configure:7373: result: gcc -E
configure:7393: gcc -E  conftest.c
configure:7393: $? = 0
configure:7407: gcc -E  conftest.c
conftest.c:10:10: fatal error: 'ac_nonexistent.h' file not found
#include <ac_nonexistent.h>
         ^
1 error generated.
configure:7407: $? = 1
configure: failed program was:
| /* confdefs.h */
| #define PACKAGE_NAME ""
| #define PACKAGE_TARNAME ""
| #define PACKAGE_VERSION ""
| #define PACKAGE_STRING ""
| #define PACKAGE_BUGREPORT ""
| #define PACKAGE_URL ""
| #define OPUS_VERSION "1.0.1"
| /* end confdefs.h.  */
| #include <ac_nonexistent.h>
configure:7436: checking for ANSI C header files
configure:7456: gcc -c -g -O2  conftest.c >&5
configure:7456: $? = 0
configure:7529: gcc -o conftest -g -O2   conftest.c  >&5
configure:7529: $? = 0
configure:7529: ./conftest
configure:7529: $? = 0
configure:7540: result: yes
configure:7553: checking for sys/types.h
configure:7553: gcc -c -g -O2  conftest.c >&5
configure:7553: $? = 0
configure:7553: result: yes
configure:7553: checking for sys/stat.h
configure:7553: gcc -c -g -O2  conftest.c >&5
configure:7553: $? = 0
configure:7553: result: yes
configure:7553: checking for stdlib.h
configure:7553: gcc -c -g -O2  conftest.c >&5
configure:7553: $? = 0
configure:7553: result: yes
configure:7553: checking for string.h
configure:7553: gcc -c -g -O2  conftest.c >&5
configure:7553: $? = 0
configure:7553: result: yes
configure:7553: checking for memory.h
configure:7553: gcc -c -g -O2  conftest.c >&5
configure:7553: $? = 0
configure:7553: result: yes
configure:7553: checking for strings.h
configure:7553: gcc -c -g -O2  conftest.c >&5
configure:7553: $? = 0
configure:7553: result: yes
configure:7553: checking for inttypes.h
configure:7553: gcc -c -g -O2  conftest.c >&5
configure:7553: $? = 0
configure:7553: result: yes
configure:7553: checking for stdint.h
configure:7553: gcc -c -g -O2  conftest.c >&5
configure:7553: $? = 0
configure:7553: result: yes
configure:7553: checking for unistd.h
configure:7553: gcc -c -g -O2  conftest.c >&5
configure:7553: $? = 0
configure:7553: result: yes
configure:7567: checking for dlfcn.h
configure:7567: gcc -c -g -O2  conftest.c >&5
configure:7567: $? = 0
configure:7567: result: yes
configure:7773: checking for objdir
configure:7788: result: .libs
configure:8055: checking if gcc supports -fno-rtti -fno-exceptions
configure:8073: gcc -c -g -O2  -fno-rtti -fno-exceptions conftest.c >&5
configure:8077: $? = 0
configure:8090: result: yes
configure:8417: checking for gcc option to produce PIC
configure:8424: result: -fno-common -DPIC
configure:8432: checking if gcc PIC flag -fno-common -DPIC works
configure:8450: gcc -c -g -O2  -fno-common -DPIC -DPIC conftest.c >&5
configure:8454: $? = 0
configure:8467: result: yes
configure:8496: checking if gcc static flag -static works
configure:8524: result: no
configure:8539: checking if gcc supports -c -o file.o
configure:8560: gcc -c -g -O2  -o out/conftest2.o conftest.c >&5
configure:8564: $? = 0
configure:8586: result: yes
configure:8594: checking if gcc supports -c -o file.o
configure:8641: result: yes
configure:8674: checking whether the gcc linker (/Applications/Xcode.app/Contents/Developer/Toolchains/XcodeDefault.xctoolchain/usr/bin/ld) supports shared libraries
configure:9827: result: yes
configure:10067: checking dynamic linker characteristics
configure:10804: result: darwin14.5.0 dyld
configure:10911: checking how to hardcode library paths into programs
configure:10936: result: immediate
configure:11476: checking whether stripping libraries is possible
configure:11490: result: yes
configure:11516: checking if libtool supports shared libraries
configure:11518: result: yes
configure:11521: checking whether to build shared libraries
configure:11542: result: yes
configure:11545: checking whether to build static libraries
configure:11549: result: yes
configure:11587: checking whether gcc and cc understand -c and -o together
configure:11618: gcc -c conftest.c -o conftest2.o >&5
configure:11622: $? = 0
configure:11628: gcc -c conftest.c -o conftest2.o >&5
configure:11632: $? = 0
configure:11643: cc -c conftest.c >&5
configure:11647: $? = 0
configure:11655: cc -c conftest.c -o conftest2.o >&5
configure:11659: $? = 0
configure:11665: cc -c conftest.c -o conftest2.o >&5
configure:11669: $? = 0
configure:11687: result: yes
configure:11713: checking for gcc option to accept ISO C99
configure:11862: gcc  -c -g -O2  conftest.c >&5
configure:11862: $? = 0
configure:11875: result: none needed
configure:11890: checking whether byte ordering is bigendian
configure:11905: gcc -c -g -O2  conftest.c >&5
configure:11905: $? = 0
configure:11950: gcc -c -g -O2  conftest.c >&5
configure:11950: $? = 0
configure:11968: gcc -c -g -O2  conftest.c >&5
conftest.c:29:4: error: use of undeclared identifier 'not'
                 not big endian
                 ^
1 error generated.
configure:11968: $? = 1
configure: failed program was:
| /* confdefs.h */
| #define PACKAGE_NAME ""
| #define PACKAGE_TARNAME ""
| #define PACKAGE_VERSION ""
| #define PACKAGE_STRING ""
| #define PACKAGE_BUGREPORT ""
| #define PACKAGE_URL ""
| #define OPUS_VERSION "1.0.1"
| #define STDC_HEADERS 1
| #define HAVE_SYS_TYPES_H 1
| #define HAVE_SYS_STAT_H 1
| #define HAVE_STDLIB_H 1
| #define HAVE_STRING_H 1
| #define HAVE_MEMORY_H 1
| #define HAVE_STRINGS_H 1
| #define HAVE_INTTYPES_H 1
| #define HAVE_STDINT_H 1
| #define HAVE_UNISTD_H 1
| #define HAVE_DLFCN_H 1
| #define LT_OBJDIR ".libs/"
| /* end confdefs.h.  */
| #include <sys/types.h>
| 		#include <sys/param.h>
| 
| int
| main ()
| {
| #if BYTE_ORDER != BIG_ENDIAN
| 		 not big endian
| 		#endif
| 
|   ;
|   return 0;
| }
configure:12096: result: no
configure:12114: checking for an ANSI C-conforming const
configure:12179: gcc -c -g -O2  conftest.c >&5
configure:12179: $? = 0
configure:12186: result: yes
configure:12194: checking for inline
configure:12210: gcc -c -g -O2  conftest.c >&5
configure:12210: $? = 0
configure:12218: result: inline
configure:12239: checking for C/C++ restrict keyword
configure:12264: gcc -c -g -O2  conftest.c >&5
configure:12264: $? = 0
configure:12272: result: __restrict
configure:12289: checking for C99 variable-size arrays
configure:12302: gcc -c -g -O2  conftest.c >&5
configure:12302: $? = 0
configure:12312: result: yes
configure:12318: checking alloca.h usability
configure:12318: gcc -c -g -O2  conftest.c >&5
configure:12318: $? = 0
configure:12318: result: yes
configure:12318: checking alloca.h presence
configure:12318: gcc -E  conftest.c
configure:12318: $? = 0
configure:12318: result: yes
configure:12318: checking for alloca.h
configure:12318: result: yes
configure:12318: checking getopt.h usability
configure:12318: gcc -c -g -O2  conftest.c >&5
configure:12318: $? = 0
configure:12318: result: yes
configure:12318: checking getopt.h presence
configure:12318: gcc -E  conftest.c
configure:12318: $? = 0
configure:12318: result: yes
configure:12318: checking for getopt.h
configure:12318: result: yes
configure:12328: checking for alloca
configure:12344: gcc -c -g -O2  conftest.c >&5
configure:12344: $? = 0
configure:12358: result: yes
configure:12361: checking for exp
configure:12361: gcc -o conftest -g -O2   conftest.c  >&5
conftest.c:50:6: warning: incompatible redeclaration of library function 'exp' [-Wincompatible-library-redeclaration]
char exp ();
     ^
conftest.c:50:6: note: 'exp' is a builtin with type 'double (double)'
1 warning generated.
configure:12361: $? = 0
configure:12361: result: yes
configure:12520: checking for doxygen
configure:12548: result: no
configure:12571: checking if gcc supports -fvisibility=hidden
configure:12577: gcc -c -g -O2 -fvisibility=hidden  conftest.c >&5
configure:12577: $? = 0
configure:12578: result: yes
configure:12593: checking if gcc supports -Wall -Wextra -Wcast-align -Wnested-externs -Wshadow -Wstrict-prototypes
configure:12599: gcc -c -g -O2 -fvisibility=hidden -W -Wall -Wextra -Wcast-align -Wnested-externs -Wshadow -Wstrict-prototypes  conftest.c >&5
configure:12599: $? = 0
configure:12600: result: yes
configure:12612: checking for lrintf
configure:12612: gcc -o conftest -g -O2 -fvisibility=hidden -W -Wall -Wextra -Wcast-align -Wnested-externs -Wshadow -Wstrict-prototypes   conftest.c  >&5
conftest.c:51:6: warning: incompatible redeclaration of library function 'lrintf' [-Wincompatible-library-redeclaration]
char lrintf ();
     ^
conftest.c:51:6: note: 'lrintf' is a builtin with type 'long (float)'
1 warning generated.
configure:12612: $? = 0
configure:12612: result: yes
configure:12623: checking for lrint
configure:12623: gcc -o conftest -g -O2 -fvisibility=hidden -W -Wall -Wextra -Wcast-align -Wnested-externs -Wshadow -Wstrict-prototypes   conftest.c  >&5
conftest.c:52:6: warning: incompatible redeclaration of library function 'lrint' [-Wincompatible-library-redeclaration]
char lrint ();
     ^
conftest.c:52:6: note: 'lrint' is a builtin with type 'long (double)'
1 warning generated.
configure:12623: $? = 0
configure:12623: result: yes
configure:12634: checking for __malloc_hook
configure:12634: gcc -o conftest -g -O2 -fvisibility=hidden -W -Wall -Wextra -Wcast-align -Wnested-externs -Wshadow -Wstrict-prototypes   conftest.c  >&5
Undefined symbols for architecture x86_64:
  "___malloc_hook", referenced from:
      _main in conftest-45fcfb.o
ld: symbol(s) not found for architecture x86_64
clang: error: linker command failed with exit code 1 (use -v to see invocation)
configure:12634: $? = 1
configure: failed program was:
| /* confdefs.h */
| #define PACKAGE_NAME ""
| #define PACKAGE_TARNAME ""
| #define PACKAGE_VERSION ""
| #define PACKAGE_STRING ""
| #define PACKAGE_BUGREPORT ""
| #define PACKAGE_URL ""
| #define OPUS_VERSION "1.0.1"
| #define STDC_HEADERS 1
| #define HAVE_SYS_TYPES_H 1
| #define HAVE_SYS_STAT_H 1
| #define HAVE_STDLIB_H 1
| #define HAVE_STRING_H 1
| #define HAVE_MEMORY_H 1
| #define HAVE_STRINGS_H 1
| #define HAVE_INTTYPES_H 1
| #define HAVE_STDINT_H 1
| #define HAVE_UNISTD_H 1
| #define HAVE_DLFCN_H 1
| #define LT_OBJDIR ".libs/"
| #define restrict __restrict
| #define OPUS_BUILD /**/
| #define VAR_ARRAYS /**/
| #define HAVE_ALLOCA_H 1
| #define HAVE_GETOPT_H 1
| #define FLOATING_POINT /**/
| #define HAVE_LRINTF 1
| #define HAVE_LRINT 1
| /* end confdefs.h.  */
| /* Define __malloc_hook to an innocuous variant, in case <limits.h> declares __malloc_hook.
|    For example, HP-UX 11i <limits.h> declares gettimeofday.  */
| #define __malloc_hook innocuous___malloc_hook
| 
| /* System header to define __stub macros and hopefully few prototypes,
|     which can conflict with char __malloc_hook (); below.
|     Prefer <limits.h> to <assert.h> if __STDC__ is defined, since
|     <limits.h> exists even on freestanding compilers.  */
| 
| #ifdef __STDC__
| # include <limits.h>
| #else
| # include <assert.h>
| #endif
| 
| #undef __malloc_hook
| 
| /* Override any GCC internal prototype to avoid an error.
|    Use char because int might match the return type of a GCC
|    builtin and then its argument prototype would still apply.  */
| #ifdef __cplusplus
| extern "C"
| #endif
| char __malloc_hook ();
| /* The GNU C library defines this for functions which it implements
|     to always fail with ENOSYS.  Some functions are actually named
|     something starting with __ and the normal name is an alias.  */
| #if defined __stub___malloc_hook || defined __stub_____malloc_hook
| choke me
| #endif
| 
| int
| main ()
| {
| return __malloc_hook ();
|   ;
|   return 0;
| }
configure:12634: result: no
configure:12648: checking size of short
configure:12653: gcc -o conftest -g -O2 -fvisibility=hidden -W -Wall -Wextra -Wcast-align -Wnested-externs -Wshadow -Wstrict-prototypes   conftest.c  >&5
configure:12653: $? = 0
configure:12653: ./conftest
configure:12653: $? = 0
configure:12667: result: 2
configure:12681: checking size of int
configure:12686: gcc -o conftest -g -O2 -fvisibility=hidden -W -Wall -Wextra -Wcast-align -Wnested-externs -Wshadow -Wstrict-prototypes   conftest.c  >&5
configure:12686: $? = 0
configure:12686: ./conftest
configure:12686: $? = 0
configure:12700: result: 4
configure:12714: checking size of long
configure:12719: gcc -o conftest -g -O2 -fvisibility=hidden -W -Wall -Wextra -Wcast-align -Wnested-externs -Wshadow -Wstrict-prototypes   conftest.c  >&5
configure:12719: $? = 0
configure:12719: ./conftest
configure:12719: $? = 0
configure:12733: result: 8
configure:12747: checking size of long long
configure:12752: gcc -o conftest -g -O2 -fvisibility=hidden -W -Wall -Wextra -Wcast-align -Wnested-externs -Wshadow -Wstrict-prototypes   conftest.c  >&5
configure:12752: $? = 0
configure:12752: ./conftest
configure:12752: $? = 0
configure:12766: result: 8
configure:12972: creating ./config.status

## ---------------------- ##
## Running config.status. ##
## ---------------------- ##

This file was extended by config.status, which was
generated by GNU Autoconf 2.68.  Invocation command line was

  CONFIG_FILES    = 
  CONFIG_HEADERS  = 
  CONFIG_LINKS    = 
  CONFIG_COMMANDS = 
  $ ./config.status 

on eranga-macbook-pro.local

config.status:1122: creating Makefile
config.status:1122: creating opus.pc
config.status:1122: creating opus-uninstalled.pc
config.status:1122: creating doc/Makefile
config.status:1122: creating doc/Doxyfile
config.status:1122: creating config.h
config.status:1303: config.h is unchanged
config.status:1351: executing depfiles commands
config.status:1351: executing libtool commands
configure:15236: result:
------------------------------------------------------------------------
  opus 1.0.1:  Automatic configuration OK.

    Compiler support:

      C99 var arrays: ................ yes
      C99 lrintf: .................... yes
      Alloca: ........................ yes

    General configuration:

      Floating point support: ........ yes
      Fast float approximations: ..... no
      Fixed point debugging: ......... no
      Custom modes: .................. no
      Assertion checking: ............ no
      Fuzzing: ....................... no

      API documentation: ............. no
------------------------------------------------------------------------


## ---------------- ##
## Cache variables. ##
## ---------------- ##

ac_cv_build=x86_64-apple-darwin14.5.0
ac_cv_c_bigendian=no
ac_cv_c_compiler_gnu=yes
ac_cv_c_const=yes
ac_cv_c_inline=inline
ac_cv_c_restrict=__restrict
ac_cv_env_CC_set=
ac_cv_env_CC_value=
ac_cv_env_CFLAGS_set=
ac_cv_env_CFLAGS_value=
ac_cv_env_CPPFLAGS_set=
ac_cv_env_CPPFLAGS_value=
ac_cv_env_CPP_set=
ac_cv_env_CPP_value=
ac_cv_env_LDFLAGS_set=
ac_cv_env_LDFLAGS_value=
ac_cv_env_LIBS_set=
ac_cv_env_LIBS_value=
ac_cv_env_build_alias_set=
ac_cv_env_build_alias_value=
ac_cv_env_host_alias_set=
ac_cv_env_host_alias_value=
ac_cv_env_target_alias_set=
ac_cv_env_target_alias_value=
ac_cv_func___malloc_hook=no
ac_cv_func_exp=yes
ac_cv_func_lrint=yes
ac_cv_func_lrintf=yes
ac_cv_header_alloca_h=yes
ac_cv_header_dlfcn_h=yes
ac_cv_header_getopt_h=yes
ac_cv_header_inttypes_h=yes
ac_cv_header_memory_h=yes
ac_cv_header_stdc=yes
ac_cv_header_stdint_h=yes
ac_cv_header_stdlib_h=yes
ac_cv_header_string_h=yes
ac_cv_header_strings_h=yes
ac_cv_header_sys_stat_h=yes
ac_cv_header_sys_types_h=yes
ac_cv_header_unistd_h=yes
ac_cv_host=x86_64-apple-darwin14.5.0
ac_cv_objext=o
ac_cv_path_EGREP='/usr/bin/grep -E'
ac_cv_path_FGREP='/usr/bin/grep -F'
ac_cv_path_GREP=/usr/bin/grep
ac_cv_path_SED=/usr/bin/sed
ac_cv_path_install='/usr/bin/install -c'
ac_cv_prog_AWK=awk
ac_cv_prog_CPP='gcc -E'
ac_cv_prog_HAVE_DOXYGEN=no
ac_cv_prog_ac_ct_AR=ar
ac_cv_prog_ac_ct_CC=gcc
ac_cv_prog_ac_ct_DSYMUTIL=dsymutil
ac_cv_prog_ac_ct_LIPO=lipo
ac_cv_prog_ac_ct_NMEDIT=nmedit
ac_cv_prog_ac_ct_OTOOL=otool
ac_cv_prog_ac_ct_RANLIB=ranlib
ac_cv_prog_ac_ct_STRIP=strip
ac_cv_prog_cc_c89=
ac_cv_prog_cc_c99=
ac_cv_prog_cc_g=yes
ac_cv_prog_cc_gcc_c_o=yes
ac_cv_prog_make_make_set=yes
ac_cv_sizeof_int=4
ac_cv_sizeof_long=8
ac_cv_sizeof_long_long=8
ac_cv_sizeof_short=2
am_cv_CC_dependencies_compiler_type=gcc3
am_cv_make_support_nested_variables=yes
lt_cv_apple_cc_single_mod=yes
lt_cv_ar_at_file=no
lt_cv_deplibs_check_method=pass_all
lt_cv_file_magic_cmd='$MAGIC_CMD'
lt_cv_file_magic_test_file=
lt_cv_ld_exported_symbols_list=yes
lt_cv_ld_force_load=yes
lt_cv_ld_reload_flag=-r
lt_cv_nm_interface='BSD nm'
lt_cv_objdir=.libs
lt_cv_path_LD=/Applications/Xcode.app/Contents/Developer/Toolchains/XcodeDefault.xctoolchain/usr/bin/ld
lt_cv_path_NM=/usr/bin/nm
lt_cv_path_mainfest_tool=no
lt_cv_prog_compiler_c_o=yes
lt_cv_prog_compiler_pic='-fno-common -DPIC'
lt_cv_prog_compiler_pic_works=yes
lt_cv_prog_compiler_rtti_exceptions=yes
lt_cv_prog_compiler_static_works=no
lt_cv_prog_gnu_ld=no
lt_cv_sharedlib_from_linklib_cmd='printf %s\n'
lt_cv_sys_global_symbol_pipe='sed -n -e '\''s/^.*[	 ]\([BCDEGRST][BCDEGRST]*\)[	 ][	 ]*_\([_A-Za-z][_A-Za-z0-9]*\)$/\1 _\2 \2/p'\'' | sed '\''/ __gnu_lto/d'\'''
lt_cv_sys_global_symbol_to_c_name_address='sed -n -e '\''s/^: \([^ ]*\)[ ]*$/  {\"\1\", (void *) 0},/p'\'' -e '\''s/^[BCDEGRST]* \([^ ]*\) \([^ ]*\)$/  {"\2", (void *) \&\2},/p'\'''
lt_cv_sys_global_symbol_to_c_name_address_lib_prefix='sed -n -e '\''s/^: \([^ ]*\)[ ]*$/  {\"\1\", (void *) 0},/p'\'' -e '\''s/^[BCDEGRST]* \([^ ]*\) \(lib[^ ]*\)$/  {"\2", (void *) \&\2},/p'\'' -e '\''s/^[BCDEGRST]* \([^ ]*\) \([^ ]*\)$/  {"lib\2", (void *) \&\2},/p'\'''
lt_cv_sys_global_symbol_to_cdecl='sed -n -e '\''s/^T .* \(.*\)$/extern int \1();/p'\'' -e '\''s/^[BCDEGRST]* .* \(.*\)$/extern char \1;/p'\'''
lt_cv_sys_max_cmd_len=196608
lt_cv_to_host_file_cmd=func_convert_file_noop
lt_cv_to_tool_file_cmd=func_convert_file_noop

## ----------------- ##
## Output variables. ##
## ----------------- ##

ACLOCAL='${SHELL} /Users/eranga/Workspace/masters/research/iot-senz/Rahasak/app/src/main/jni/missing --run aclocal-1.11'
AMDEPBACKSLASH='\'
AMDEP_FALSE='#'
AMDEP_TRUE=''
AMTAR='$${TAR-tar}'
AM_BACKSLASH='\'
AM_DEFAULT_V='$(AM_DEFAULT_VERBOSITY)'
AM_DEFAULT_VERBOSITY='0'
AM_V='$(V)'
AR='ar'
AUTOCONF='${SHELL} /Users/eranga/Workspace/masters/research/iot-senz/Rahasak/app/src/main/jni/missing --run autoconf'
AUTOHEADER='${SHELL} /Users/eranga/Workspace/masters/research/iot-senz/Rahasak/app/src/main/jni/missing --run autoheader'
AUTOMAKE='${SHELL} /Users/eranga/Workspace/masters/research/iot-senz/Rahasak/app/src/main/jni/missing --run automake-1.11'
AWK='awk'
CC='gcc'
CCDEPMODE='depmode=gcc3'
CFLAGS='-g -O2 -fvisibility=hidden -W -Wall -Wextra -Wcast-align -Wnested-externs -Wshadow -Wstrict-prototypes'
CPP='gcc -E'
CPPFLAGS=''
CUSTOM_MODES_FALSE=''
CUSTOM_MODES_TRUE='#'
CYGPATH_W='echo'
DEFS='-DHAVE_CONFIG_H'
DEPDIR='.deps'
DLLTOOL='false'
DSYMUTIL='dsymutil'
DUMPBIN=''
ECHO_C='\c'
ECHO_N=''
ECHO_T=''
EGREP='/usr/bin/grep -E'
EXEEXT=''
FGREP='/usr/bin/grep -F'
FIXED_POINT_FALSE=''
FIXED_POINT_TRUE='#'
GREP='/usr/bin/grep'
HAVE_DOXYGEN='false'
HAVE_DOXYGEN_FALSE=''
HAVE_DOXYGEN_TRUE='#'
INSTALL_DATA='${INSTALL} -m 644'
INSTALL_PROGRAM='${INSTALL}'
INSTALL_SCRIPT='${INSTALL}'
INSTALL_STRIP_PROGRAM='$(install_sh) -c -s'
LD='/Applications/Xcode.app/Contents/Developer/Toolchains/XcodeDefault.xctoolchain/usr/bin/ld'
LDFLAGS=''
LIBM=''
LIBOBJS=''
LIBS=''
LIBTOOL='$(SHELL) $(top_builddir)/libtool'
LIPO='lipo'
LN_S='ln -s'
LTLIBOBJS=''
MAINT='#'
MAINTAINER_MODE_FALSE=''
MAINTAINER_MODE_TRUE='#'
MAKEINFO='${SHELL} /Users/eranga/Workspace/masters/research/iot-senz/Rahasak/app/src/main/jni/missing --run makeinfo'
MANIFEST_TOOL=':'
MKDIR_P='./install-sh -c -d'
NM='/usr/bin/nm'
NMEDIT='nmedit'
OBJDUMP='false'
OBJEXT='o'
OPUS_LT_AGE='2'
OPUS_LT_CURRENT='2'
OPUS_LT_REVISION='0'
OPUS_VERSION='1.0.1'
OTOOL64=':'
OTOOL='otool'
PACKAGE='opus'
PACKAGE_BUGREPORT=''
PACKAGE_NAME=''
PACKAGE_STRING=''
PACKAGE_TARNAME=''
PACKAGE_URL=''
PACKAGE_VERSION=''
PATH_SEPARATOR=':'
RANLIB='ranlib'
SED='/usr/bin/sed'
SET_MAKE=''
SHELL='/bin/sh'
SIZE16='short'
SIZE32='int'
STRIP='strip'
SYMBOL_VISIBILITY='-fvisibility=hidden'
VERSION='1.0.1'
ac_ct_AR='ar'
ac_ct_CC='gcc'
ac_ct_DUMPBIN=''
am__EXEEXT_FALSE=''
am__EXEEXT_TRUE='#'
am__fastdepCC_FALSE='#'
am__fastdepCC_TRUE=''
am__include='include'
am__isrc=''
am__leading_dot='.'
am__nodep='_no'
am__quote=''
am__tar='$${TAR-tar} chof - "$$tardir"'
am__untar='$${TAR-tar} xf -'
bindir='${exec_prefix}/bin'
build='x86_64-apple-darwin14.5.0'
build_alias=''
build_cpu='x86_64'
build_os='darwin14.5.0'
build_vendor='apple'
datadir='${datarootdir}'
datarootdir='${prefix}/share'
docdir='${datarootdir}/doc/${PACKAGE}'
dvidir='${docdir}'
exec_prefix='${prefix}'
host='x86_64-apple-darwin14.5.0'
host_alias=''
host_cpu='x86_64'
host_os='darwin14.5.0'
host_vendor='apple'
htmldir='${docdir}'
includedir='${prefix}/include'
infodir='${datarootdir}/info'
install_sh='${SHELL} /Users/eranga/Workspace/masters/research/iot-senz/Rahasak/app/src/main/jni/install-sh'
libdir='${exec_prefix}/lib'
libexecdir='${exec_prefix}/libexec'
localedir='${datarootdir}/locale'
localstatedir='${prefix}/var'
mandir='${datarootdir}/man'
mkdir_p='$(top_builddir)/./install-sh -c -d'
oldincludedir='/usr/include'
pdfdir='${docdir}'
prefix='/usr/local'
program_transform_name='s,x,x,'
psdir='${docdir}'
sbindir='${exec_prefix}/sbin'
sharedstatedir='${prefix}/com'
sysconfdir='${prefix}/etc'
target_alias=''

## ----------- ##
## confdefs.h. ##
## ----------- ##

/* confdefs.h */
#define PACKAGE_NAME ""
#define PACKAGE_TARNAME ""
#define PACKAGE_VERSION ""
#define PACKAGE_STRING ""
#define PACKAGE_BUGREPORT ""
#define PACKAGE_URL ""
#define OPUS_VERSION "1.0.1"
#define STDC_HEADERS 1
#define HAVE_SYS_TYPES_H 1
#define HAVE_SYS_STAT_H 1
#define HAVE_STDLIB_H 1
#define HAVE_STRING_H 1
#define HAVE_MEMORY_H 1
#define HAVE_STRINGS_H 1
#define HAVE_INTTYPES_H 1
#define HAVE_STDINT_H 1
#define HAVE_UNISTD_H 1
#define HAVE_DLFCN_H 1
#define LT_OBJDIR ".libs/"
#define restrict __restrict
#define OPUS_BUILD /**/
#define VAR_ARRAYS /**/
#define HAVE_ALLOCA_H 1
#define HAVE_GETOPT_H 1
#define FLOATING_POINT /**/
#define HAVE_LRINTF 1
#define HAVE_LRINT 1
#define SIZEOF_SHORT 2
#define SIZEOF_INT 4
#define SIZEOF_LONG 8
#define SIZEOF_LONG_LONG 8

configure: exit 0
